<?xml version="1.0" encoding="UTF-8"?>
<!-- Generated by org.testng.reporters.JUnitReportReporter -->
<testsuite hostname="LAPTOP-4V52DMIG" failures="0" tests="2" name="runner.Runner" time="41.535" errors="0" timestamp="1 Jul 2021 06:14:47 GMT">
  <testcase classname="runner.Runner" name="feature" time="0.023"/>
  <testcase classname="runner.Runner" name="feature" time="41.512"/>
</testsuite> <!-- runner.Runner -->
