<?xml version="1.0" encoding="UTF-8"?>
<!-- Generated by org.testng.reporters.JUnitReportReporter -->
<testsuite hostname="LAPTOP-4V52DMIG" failures="0" tests="3" name="runner.Runner" time="39.329" errors="0" timestamp="1 Jul 2021 07:17:29 GMT">
  <testcase classname="runner.Runner" name="feature" time="30.511"/>
  <testcase classname="runner.Runner" name="feature" time="0.030"/>
  <testcase classname="runner.Runner" name="feature" time="8.788"/>
</testsuite> <!-- runner.Runner -->
